Arguments: 
  D:\Android\NodeJs\node.exe C:\Users\X1 GEN 4\AppData\Roaming\npm\node_modules\yarn\bin\yarn.js init

PATH: 
  C:\Users\X1 GEN 4\bin;C:\Program Files\Git\mingw64\bin;C:\Program Files\Git\usr\local\bin;C:\Program Files\Git\usr\bin;C:\Program Files\Git\usr\bin;C:\Program Files\Git\mingw64\bin;C:\Program Files\Git\usr\bin;C:\Users\X1 GEN 4\bin;C:\Program Files (x86)\Common Files\Oracle\Java\javapath;D:\Python;D:\Python\Scripts;C:\Program Files\Common Files\Oracle\Java\javapath;C:\WINDOWS\system32;C:\WINDOWS;C:\WINDOWS\System32\Wbem;C:\WINDOWS\System32\WindowsPowerShell\v1.0;C:\WINDOWS\System32\OpenSSH;C:\Program Files\Microsoft SQL Server\Client SDK\ODBC\110\Tools\Binn;C:\Program Files (x86)\Microsoft SQL Server\120\Tools\Binn;C:\Program Files\Microsoft SQL Server\120\Tools\Binn;C:\Program Files\Microsoft SQL Server\120\DTS\Binn;C:\Program Files (x86)\Microsoft SQL Server\120\Tools\Binn\ManagementStudio;C:\Program Files (x86)\Microsoft SQL Server\120\DTS\Binn;C:\Program Files\Microsoft SQL Server\130\Tools\Binn;C:\Program Files\Microsoft SQL Server\Client SDK\ODBC\170\Tools\Binn;D:\Android\SDK\platform-tools;D:\Android\JDK\bin;C:\ProgramData\chocolatey\bin;C:\Program Files\Git\cmd;C:\Program Files (x86)\mingw-w64\i686-8.1.0-posix-dwarf-rt_v6-rev0\mingw32\bin;D:\Maven\apache-maven-3.8.2\bin;D:\Java\jdk1.8.0_181\bin;C:\Program Files\Cloudflare\Cloudflare WARP;C:\Program Files\dotnet;C:\Program Files\Cloudflare\Cloudflare WARP;D:\Redis;D:\Android\NodeJs;D:\Python\Scripts;D:\Python;C:\Program Files\MySQL\MySQL Shell 8.0\bin;C:\Users\X1 GEN 4\AppData\Local\Microsoft\WindowsApps;D:\Android\SDK\platform-tools;D:\MicrosoftVSCode\Microsoft VS Code\bin;C:\Users\X1 GEN 4\AppData\Local\atom\bin;C:\Program Files (x86)\mingw-w64\i686-8.1.0-posix-dwarf-rt_v6-rev0\mingw32\bin;C:\Program Files\Cppcheck;D:\Maven\apache-maven-3.8.2\bin;C:\Users\X1 GEN 4\.dotnet\tools;C:\Users\X1 GEN 4\AppData\Local\GitHubDesktop\bin;C:\Users\X1 GEN 4\AppData\Roaming\npm;C:\Program Files\Git\usr\bin\vendor_perl;C:\Program Files\Git\usr\bin\core_perl

Yarn version: 
  1.22.19

Node version: 
  18.16.0

Platform: 
  win32 x64

Trace: 
  Error: Can't answer a question unless a user TTY
      at ConsoleReporter.question (C:\Users\X1 GEN 4\AppData\Roaming\npm\node_modules\yarn\lib\cli.js:92864:59)
      at Object.<anonymous> (C:\Users\X1 GEN 4\AppData\Roaming\npm\node_modules\yarn\lib\cli.js:85054:38)
      at Generator.next (<anonymous>)
      at step (C:\Users\X1 GEN 4\AppData\Roaming\npm\node_modules\yarn\lib\cli.js:310:30)
      at C:\Users\X1 GEN 4\AppData\Roaming\npm\node_modules\yarn\lib\cli.js:321:13

npm manifest: 
  No manifest

yarn manifest: 
  No manifest

Lockfile: 
  No lockfile
